app/build/intermediates/manifest_merge_blame_file/debug/manifest-merger-blame-debug-report.txt
1<?xml version="1.0" encoding="utf-8"?>
2<manifest xmlns:android="http://schemas.android.com/apk/res/android"
3    package="com.pstcstest.paletteprovider"
4    android:versionCode="1"
5    android:versionName="1.0" >
6
7    <uses-sdk
8        android:minSdkVersion="21"
8-->src\main\AndroidManifest.xml
9        android:targetSdkVersion="30" />
9-->src\main\AndroidManifest.xml
10
11    <uses-permission android:name="android.permission.READ_EXTERNAL_STORAGE" />
11-->src\main\AndroidManifest.xml:5:5-79
11-->src\main\AndroidManifest.xml:5:22-77
12
13    <application
13-->src\main\AndroidManifest.xml:6:5-31:19
14        android:allowBackup="true"
14-->src\main\AndroidManifest.xml:7:9-35
15        android:appComponentFactory="androidx.core.app.CoreComponentFactory"
15-->[androidx.core:core:1.3.1] AndroidManifest.xml:24:18-86
16        android:debuggable="true"
17        android:icon="@mipmap/ic_launcher"
17-->src\main\AndroidManifest.xml:8:9-43
18        android:label="@string/app_name"
18-->src\main\AndroidManifest.xml:9:9-41
19        android:roundIcon="@mipmap/ic_launcher_round"
19-->src\main\AndroidManifest.xml:10:9-54
20        android:supportsRtl="true"
20-->src\main\AndroidManifest.xml:11:9-35
21        android:testOnly="true"
22        android:theme="@style/Theme.PaletteProvider" >
22-->src\main\AndroidManifest.xml:12:9-53
23        <activity android:name="com.pstcstest.paletteprovider.ResultsActivity" />
23-->src\main\AndroidManifest.xml:13:9-53
23-->src\main\AndroidManifest.xml:13:19-50
24        <activity android:name="com.pstcstest.paletteprovider.SavedColorsActivity" />
24-->src\main\AndroidManifest.xml:14:9-57
24-->src\main\AndroidManifest.xml:14:19-54
25        <activity android:name="com.pstcstest.paletteprovider.ExtractColorActivity" />
25-->src\main\AndroidManifest.xml:15:9-58
25-->src\main\AndroidManifest.xml:15:19-55
26        <activity android:name="com.pstcstest.paletteprovider.ExtractColorPhotoActivity" />
26-->src\main\AndroidManifest.xml:16:9-63
26-->src\main\AndroidManifest.xml:16:19-60
27        <activity android:name="com.pstcstest.paletteprovider.EditPhotoActivity" />
27-->src\main\AndroidManifest.xml:17:9-55
27-->src\main\AndroidManifest.xml:17:19-52
28        <activity android:name="com.pstcstest.paletteprovider.ErrorActivity" />
28-->src\main\AndroidManifest.xml:18:9-51
28-->src\main\AndroidManifest.xml:18:19-48
29        <activity android:name="com.pstcstest.paletteprovider.HomeActivity" />
29-->src\main\AndroidManifest.xml:19:9-50
29-->src\main\AndroidManifest.xml:19:19-47
30        <activity android:name="com.pstcstest.paletteprovider.CameraActivity" />
30-->src\main\AndroidManifest.xml:20:9-52
30-->src\main\AndroidManifest.xml:20:19-49
31        <activity android:name="com.pstcstest.paletteprovider.ZoomActivity" />
31-->src\main\AndroidManifest.xml:21:9-50
31-->src\main\AndroidManifest.xml:21:19-47
32        <activity android:name="com.pstcstest.paletteprovider.BrightnessActivity" />
32-->src\main\AndroidManifest.xml:22:9-56
32-->src\main\AndroidManifest.xml:22:19-53
33        <activity android:name="com.pstcstest.paletteprovider.MainActivity" >
33-->src\main\AndroidManifest.xml:23:9-30:20
33-->src\main\AndroidManifest.xml:23:19-47
34            <intent-filter>
34-->src\main\AndroidManifest.xml:25:13-29:29
35                <action android:name="android.intent.action.MAIN" />
35-->src\main\AndroidManifest.xml:26:17-69
35-->src\main\AndroidManifest.xml:26:25-66
36
37                <category android:name="android.intent.category.LAUNCHER" />
37-->src\main\AndroidManifest.xml:28:17-77
37-->src\main\AndroidManifest.xml:28:27-74
38            </intent-filter>
39        </activity>
40    </application>
41
42</manifest>